
/home/runner/work/exp-calibration-pressure-guage-dead-weight-iitkgp/exp-calibration-pressure-guage-dead-weight-iitkgp/experiment/simulation/js/dw_tester.js
    8:1   warning  '$' is not defined                         no-undef
    9:3   warning  '$' is not defined                         no-undef
   10:5   warning  '$' is not defined                         no-undef
   13:1   warning  '$' is not defined                         no-undef
   14:3   warning  '$' is not defined                         no-undef
   16:16  warning  '$' is not defined                         no-undef
   18:2   warning  '$' is not defined                         no-undef
   19:2   warning  '$' is not defined                         no-undef
   21:5   warning  '$' is not defined                         no-undef
   25:2   warning  '$' is not defined                         no-undef
   26:2   warning  '$' is not defined                         no-undef
   28:5   warning  '$' is not defined                         no-undef
   55:10  warning  'rotateToggle' is defined but never used   no-unused-vars
   59:9   warning  '$' is not defined                         no-undef
   64:1   warning  'autoUpdateChart' is not defined           no-undef
   69:1   warning  'autoUpdateChart' is not defined           no-undef
   76:1   warning  'stopUpdate' is not defined                no-undef
   81:6   warning  'root' is assigned a value but never used  no-unused-vars
   85:1   warning  Mixed spaces and tabs                      no-mixed-spaces-and-tabs
   87:15  warning  'math' is not defined                      no-undef
   90:1   warning  Mixed spaces and tabs                      no-mixed-spaces-and-tabs
   94:1   warning  Mixed spaces and tabs                      no-mixed-spaces-and-tabs
   96:15  warning  'math' is not defined                      no-undef
  104:11  warning  'allowDrop' is defined but never used      no-unused-vars
  108:10  warning  'drag' is defined but never used           no-unused-vars
  112:10  warning  'drop' is defined but never used           no-unused-vars
  113:1   warning  Mixed spaces and tabs                      no-mixed-spaces-and-tabs
  122:1   warning  Mixed spaces and tabs                      no-mixed-spaces-and-tabs
  125:1   warning  Mixed spaces and tabs                      no-mixed-spaces-and-tabs
  125:9   warning  'math' is not defined                      no-undef
  125:26  warning  'math' is not defined                      no-undef
  126:1   warning  Mixed spaces and tabs                      no-mixed-spaces-and-tabs
  133:1   warning  Mixed spaces and tabs                      no-mixed-spaces-and-tabs
  134:1   warning  Mixed spaces and tabs                      no-mixed-spaces-and-tabs
  135:1   warning  Mixed spaces and tabs                      no-mixed-spaces-and-tabs
  136:1   warning  Mixed spaces and tabs                      no-mixed-spaces-and-tabs
  137:1   warning  Mixed spaces and tabs                      no-mixed-spaces-and-tabs
  138:1   warning  Mixed spaces and tabs                      no-mixed-spaces-and-tabs
  139:1   warning  Mixed spaces and tabs                      no-mixed-spaces-and-tabs
  140:1   warning  Mixed spaces and tabs                      no-mixed-spaces-and-tabs
  141:1   warning  Mixed spaces and tabs                      no-mixed-spaces-and-tabs
  141:3   warning  '$' is not defined                         no-undef
  145:1   warning  Mixed spaces and tabs                      no-mixed-spaces-and-tabs
  146:1   warning  Mixed spaces and tabs                      no-mixed-spaces-and-tabs
  147:1   warning  Mixed spaces and tabs                      no-mixed-spaces-and-tabs
  148:1   warning  Mixed spaces and tabs                      no-mixed-spaces-and-tabs
  149:1   warning  Mixed spaces and tabs                      no-mixed-spaces-and-tabs
  150:1   warning  Mixed spaces and tabs                      no-mixed-spaces-and-tabs
  151:1   warning  Mixed spaces and tabs                      no-mixed-spaces-and-tabs
  152:1   warning  Mixed spaces and tabs                      no-mixed-spaces-and-tabs
  153:1   warning  Mixed spaces and tabs                      no-mixed-spaces-and-tabs
  153:3   warning  '$' is not defined                         no-undef
  157:1   warning  Mixed spaces and tabs                      no-mixed-spaces-and-tabs
  158:1   warning  Mixed spaces and tabs                      no-mixed-spaces-and-tabs
  159:1   warning  Mixed spaces and tabs                      no-mixed-spaces-and-tabs
  160:1   warning  Mixed spaces and tabs                      no-mixed-spaces-and-tabs
  161:1   warning  Mixed spaces and tabs                      no-mixed-spaces-and-tabs
  162:1   warning  Mixed spaces and tabs                      no-mixed-spaces-and-tabs
  163:1   warning  Mixed spaces and tabs                      no-mixed-spaces-and-tabs
  164:1   warning  Mixed spaces and tabs                      no-mixed-spaces-and-tabs
  165:1   warning  Mixed spaces and tabs                      no-mixed-spaces-and-tabs
  165:3   warning  '$' is not defined                         no-undef
  169:1   warning  Mixed spaces and tabs                      no-mixed-spaces-and-tabs
  170:1   warning  Mixed spaces and tabs                      no-mixed-spaces-and-tabs
  171:1   warning  Mixed spaces and tabs                      no-mixed-spaces-and-tabs
  172:1   warning  Mixed spaces and tabs                      no-mixed-spaces-and-tabs
  173:1   warning  Mixed spaces and tabs                      no-mixed-spaces-and-tabs
  174:1   warning  Mixed spaces and tabs                      no-mixed-spaces-and-tabs
  175:1   warning  Mixed spaces and tabs                      no-mixed-spaces-and-tabs
  176:1   warning  Mixed spaces and tabs                      no-mixed-spaces-and-tabs
  176:3   warning  '$' is not defined                         no-undef
  180:1   warning  Mixed spaces and tabs                      no-mixed-spaces-and-tabs
  181:1   warning  Mixed spaces and tabs                      no-mixed-spaces-and-tabs
  182:1   warning  Mixed spaces and tabs                      no-mixed-spaces-and-tabs
  183:1   warning  Mixed spaces and tabs                      no-mixed-spaces-and-tabs
  184:1   warning  Mixed spaces and tabs                      no-mixed-spaces-and-tabs
  185:1   warning  Mixed spaces and tabs                      no-mixed-spaces-and-tabs
  186:1   warning  Mixed spaces and tabs                      no-mixed-spaces-and-tabs
  187:1   warning  Mixed spaces and tabs                      no-mixed-spaces-and-tabs
  187:3   warning  '$' is not defined                         no-undef
  194:1   warning  Mixed spaces and tabs                      no-mixed-spaces-and-tabs
  195:1   warning  Mixed spaces and tabs                      no-mixed-spaces-and-tabs
  196:1   warning  Mixed spaces and tabs                      no-mixed-spaces-and-tabs
  197:1   warning  Mixed spaces and tabs                      no-mixed-spaces-and-tabs
  198:1   warning  Mixed spaces and tabs                      no-mixed-spaces-and-tabs
  199:1   warning  Mixed spaces and tabs                      no-mixed-spaces-and-tabs
  200:1   warning  Mixed spaces and tabs                      no-mixed-spaces-and-tabs
  201:1   warning  Mixed spaces and tabs                      no-mixed-spaces-and-tabs
  201:3   warning  '$' is not defined                         no-undef
  205:1   warning  Mixed spaces and tabs                      no-mixed-spaces-and-tabs
  206:1   warning  Mixed spaces and tabs                      no-mixed-spaces-and-tabs
  207:1   warning  Mixed spaces and tabs                      no-mixed-spaces-and-tabs
  208:1   warning  Mixed spaces and tabs                      no-mixed-spaces-and-tabs
  209:1   warning  Mixed spaces and tabs                      no-mixed-spaces-and-tabs
  210:1   warning  Mixed spaces and tabs                      no-mixed-spaces-and-tabs
  211:1   warning  Mixed spaces and tabs                      no-mixed-spaces-and-tabs
  212:1   warning  Mixed spaces and tabs                      no-mixed-spaces-and-tabs
  212:3   warning  '$' is not defined                         no-undef
  216:1   warning  Mixed spaces and tabs                      no-mixed-spaces-and-tabs
  217:1   warning  Mixed spaces and tabs                      no-mixed-spaces-and-tabs
  218:1   warning  Mixed spaces and tabs                      no-mixed-spaces-and-tabs
  219:1   warning  Mixed spaces and tabs                      no-mixed-spaces-and-tabs
  220:1   warning  Mixed spaces and tabs                      no-mixed-spaces-and-tabs
  221:1   warning  Mixed spaces and tabs                      no-mixed-spaces-and-tabs
  222:1   warning  Mixed spaces and tabs                      no-mixed-spaces-and-tabs
  223:1   warning  Mixed spaces and tabs                      no-mixed-spaces-and-tabs
  223:3   warning  '$' is not defined                         no-undef
  227:1   warning  Mixed spaces and tabs                      no-mixed-spaces-and-tabs
  228:1   warning  Mixed spaces and tabs                      no-mixed-spaces-and-tabs
  229:1   warning  Mixed spaces and tabs                      no-mixed-spaces-and-tabs
  230:1   warning  Mixed spaces and tabs                      no-mixed-spaces-and-tabs
  231:1   warning  Mixed spaces and tabs                      no-mixed-spaces-and-tabs
  232:1   warning  Mixed spaces and tabs                      no-mixed-spaces-and-tabs
  233:1   warning  Mixed spaces and tabs                      no-mixed-spaces-and-tabs
  234:1   warning  Mixed spaces and tabs                      no-mixed-spaces-and-tabs
  234:3   warning  '$' is not defined                         no-undef
  237:1   warning  Mixed spaces and tabs                      no-mixed-spaces-and-tabs
  238:1   warning  Mixed spaces and tabs                      no-mixed-spaces-and-tabs
  239:1   warning  Mixed spaces and tabs                      no-mixed-spaces-and-tabs
  240:1   warning  Mixed spaces and tabs                      no-mixed-spaces-and-tabs
  241:1   warning  Mixed spaces and tabs                      no-mixed-spaces-and-tabs
  242:1   warning  Mixed spaces and tabs                      no-mixed-spaces-and-tabs
  243:1   warning  Mixed spaces and tabs                      no-mixed-spaces-and-tabs
  244:1   warning  Mixed spaces and tabs                      no-mixed-spaces-and-tabs
  244:3   warning  '$' is not defined                         no-undef
  247:46  warning  'math' is not defined                      no-undef
  252:21  warning  'indiErr' is defined but never used        no-unused-vars
  253:11  warning  'Dw_Tester' is defined but never used      no-unused-vars
  254:1   warning  Mixed spaces and tabs                      no-mixed-spaces-and-tabs
  255:1   warning  Mixed spaces and tabs                      no-mixed-spaces-and-tabs
  255:7   warning  '$' is not defined                         no-undef
  258:1   warning  Mixed spaces and tabs                      no-mixed-spaces-and-tabs
  259:1   warning  Mixed spaces and tabs                      no-mixed-spaces-and-tabs
  260:1   warning  Mixed spaces and tabs                      no-mixed-spaces-and-tabs
  260:13  warning  'math' is not defined                      no-undef
  260:25  warning  'math' is not defined                      no-undef
  260:39  warning  'math' is not defined                      no-undef
  260:47  warning  'math' is not defined                      no-undef
  263:1   warning  Mixed spaces and tabs                      no-mixed-spaces-and-tabs
  263:15  warning  'math' is not defined                      no-undef
  266:1   warning  Mixed spaces and tabs                      no-mixed-spaces-and-tabs
  266:7   warning  'math' is not defined                      no-undef
  269:1   warning  Mixed spaces and tabs                      no-mixed-spaces-and-tabs
  269:17  warning  'math' is not defined                      no-undef
  269:29  warning  'math' is not defined                      no-undef
  272:1   warning  Mixed spaces and tabs                      no-mixed-spaces-and-tabs
  272:20  warning  'math' is not defined                      no-undef
  272:29  warning  'math' is not defined                      no-undef
  272:53  warning  'math' is not defined                      no-undef
  275:17  warning  'math' is not defined                      no-undef
  275:26  warning  'math' is not defined                      no-undef
  278:1   warning  Mixed spaces and tabs                      no-mixed-spaces-and-tabs
  278:11  warning  'math' is not defined                      no-undef
  278:25  warning  'math' is not defined                      no-undef
  280:1   warning  Mixed spaces and tabs                      no-mixed-spaces-and-tabs
  281:1   warning  Mixed spaces and tabs                      no-mixed-spaces-and-tabs
  294:10  warning  'CreateTables' is defined but never used   no-unused-vars
  379:10  warning  'plot' is defined but never used           no-unused-vars
  456:1   warning  Mixed spaces and tabs                      no-mixed-spaces-and-tabs
  457:1   warning  Mixed spaces and tabs                      no-mixed-spaces-and-tabs
  470:1   warning  Mixed spaces and tabs                      no-mixed-spaces-and-tabs
  483:1   warning  'Plotly' is not defined                    no-undef
  490:10  warning  'clear' is defined but never used          no-unused-vars
  491:12  warning  '$' is not defined                         no-undef
  497:5   warning  'Dtable' is already defined                no-redeclare
  508:2   warning  Unnecessary semicolon                      no-extra-semi
  509:10  warning  'Refresh' is defined but never used        no-unused-vars
  510:6   warning  'load' is assigned a value but never used  no-unused-vars

✖ 168 problems (0 errors, 168 warnings)
  0 errors and 1 warning potentially fixable with the `--fix` option.

